[debug] [2021-03-15T15:06:07.628Z] ----------------------------------------------------------------------
[debug] [2021-03-15T15:06:07.630Z] Command:       C:\Program Files\nodejs\node.exe C:\Users\Lu Xinyi\AppData\Roaming\npm\node_modules\firebase-tools\lib\bin\firebase.js deploy --token $FIREBASE_TOKEN
[debug] [2021-03-15T15:06:07.630Z] CLI Version:   9.6.1
[debug] [2021-03-15T15:06:07.630Z] Platform:      win32
[debug] [2021-03-15T15:06:07.630Z] Node Version:  v14.15.4
[debug] [2021-03-15T15:06:07.637Z] Time:          Mon Mar 15 2021 23:06:07 GMT+0800 (Singapore Standard Time)
[debug] [2021-03-15T15:06:07.638Z] ----------------------------------------------------------------------
[debug] [2021-03-15T15:06:07.638Z] 
[debug] [2021-03-15T15:06:07.645Z] > command requires scopes: ["email","openid","https://www.googleapis.com/auth/cloudplatformprojects.readonly","https://www.googleapis.com/auth/firebase","https://www.googleapis.com/auth/cloud-platform"]
[debug] [2021-03-15T15:06:07.646Z] > authorizing via --token option
[debug] [2021-03-15T15:06:07.646Z] [iam] checking project bt3103-week-6-5462b for permissions ["firebase.projects.get","firebasehosting.sites.update"]
[debug] [2021-03-15T15:06:07.648Z] > refreshing access token with scopes: ["email","https://www.googleapis.com/auth/cloud-platform","https://www.googleapis.com/auth/cloudplatformprojects.readonly","https://www.googleapis.com/auth/firebase","openid"]
[debug] [2021-03-15T15:06:07.648Z] >>> HTTP REQUEST POST https://www.googleapis.com/oauth2/v3/token  
 <request body omitted>
[debug] [2021-03-15T15:06:07.839Z] <<< HTTP RESPONSE 400 {"cache-control":"no-cache, no-store, max-age=0, must-revalidate","pragma":"no-cache","date":"Mon, 15 Mar 2021 15:06:06 GMT","expires":"Mon, 01 Jan 1990 00:00:00 GMT","content-type":"application/json; charset=utf-8","vary":"X-Origin, Referer, Origin,Accept-Encoding","server":"scaffolding on HTTPServer2","x-xss-protection":"0","x-frame-options":"SAMEORIGIN","x-content-type-options":"nosniff","alt-svc":"h3-29=\":443\"; ma=2592000,h3-T051=\":443\"; ma=2592000,h3-Q050=\":443\"; ma=2592000,h3-Q046=\":443\"; ma=2592000,h3-Q043=\":443\"; ma=2592000,quic=\":443\"; ma=2592000; v=\"46,43\"","accept-ranges":"none","transfer-encoding":"chunked"}
[debug] [2021-03-15T15:06:07.840Z] >>> HTTP REQUEST POST https://cloudresourcemanager.googleapis.com/v1/projects/bt3103-week-6-5462b:testIamPermissions  
 {"permissions":["firebase.projects.get","firebasehosting.sites.update"]}
[debug] [2021-03-15T15:06:09.125Z] <<< HTTP RESPONSE 401 {"www-authenticate":"Bearer realm=\"https://accounts.google.com/\", error=\"invalid_token\"","vary":"X-Origin, Referer, Origin,Accept-Encoding","content-type":"application/json; charset=UTF-8","date":"Mon, 15 Mar 2021 15:06:07 GMT","server":"ESF","cache-control":"private","x-xss-protection":"0","x-frame-options":"SAMEORIGIN","x-content-type-options":"nosniff","server-timing":"gfet4t7; dur=939","alt-svc":"h3-29=\":443\"; ma=2592000,h3-T051=\":443\"; ma=2592000,h3-Q050=\":443\"; ma=2592000,h3-Q046=\":443\"; ma=2592000,h3-Q043=\":443\"; ma=2592000,quic=\":443\"; ma=2592000; v=\"46,43\"","accept-ranges":"none","transfer-encoding":"chunked"}
[debug] [2021-03-15T15:06:09.125Z] <<< HTTP RESPONSE BODY {"error":{"code":401,"message":"Request had invalid authentication credentials. Expected OAuth 2 access token, login cookie or other valid authentication credential. See https://developers.google.com/identity/sign-in/web/devconsole-project.","status":"UNAUTHENTICATED"}}
[debug] [2021-03-15T15:06:09.127Z] [iam] error while checking permissions, command may fail: FirebaseError: HTTP Error: 401, Request had invalid authentication credentials. Expected OAuth 2 access token, login cookie or other valid authentication credential. See https://developers.google.com/identity/sign-in/web/devconsole-project.
[debug] [2021-03-15T15:06:09.128Z] > refreshing access token with scopes: []
[debug] [2021-03-15T15:06:09.128Z] >>> HTTP REQUEST POST https://www.googleapis.com/oauth2/v3/token  
 <request body omitted>
[debug] [2021-03-15T15:06:09.228Z] <<< HTTP RESPONSE 400 {"cache-control":"no-cache, no-store, max-age=0, must-revalidate","date":"Mon, 15 Mar 2021 15:06:07 GMT","pragma":"no-cache","expires":"Mon, 01 Jan 1990 00:00:00 GMT","content-type":"application/json; charset=utf-8","vary":"X-Origin, Referer, Origin,Accept-Encoding","server":"scaffolding on HTTPServer2","x-xss-protection":"0","x-frame-options":"SAMEORIGIN","x-content-type-options":"nosniff","alt-svc":"h3-29=\":443\"; ma=2592000,h3-T051=\":443\"; ma=2592000,h3-Q050=\":443\"; ma=2592000,h3-Q046=\":443\"; ma=2592000,h3-Q043=\":443\"; ma=2592000,quic=\":443\"; ma=2592000; v=\"46,43\"","accept-ranges":"none","transfer-encoding":"chunked"}
[debug] [2021-03-15T15:06:09.229Z] >>> [apiv2][query] GET https://firebase.googleapis.com/v1beta1/projects/bt3103-week-6-5462b [none]
[debug] [2021-03-15T15:06:09.560Z] <<< [apiv2][status] GET https://firebase.googleapis.com/v1beta1/projects/bt3103-week-6-5462b 401
[debug] [2021-03-15T15:06:09.560Z] <<< [apiv2][body] GET https://firebase.googleapis.com/v1beta1/projects/bt3103-week-6-5462b {"error":{"code":401,"message":"Request had invalid authentication credentials. Expected OAuth 2 access token, login cookie or other valid authentication credential. See https://developers.google.com/identity/sign-in/web/devconsole-project.","status":"UNAUTHENTICATED"}}
[debug] [2021-03-15T15:06:09.560Z] HTTP Error: 401, Request had invalid authentication credentials. Expected OAuth 2 access token, login cookie or other valid authentication credential. See https://developers.google.com/identity/sign-in/web/devconsole-project.
[debug] [2021-03-15T15:06:09.718Z] FirebaseError: HTTP Error: 401, Request had invalid authentication credentials. Expected OAuth 2 access token, login cookie or other valid authentication credential. See https://developers.google.com/identity/sign-in/web/devconsole-project.
    at module.exports (C:\Users\Lu Xinyi\AppData\Roaming\npm\node_modules\firebase-tools\lib\responseToError.js:38:12)
    at Client.doRequest (C:\Users\Lu Xinyi\AppData\Roaming\npm\node_modules\firebase-tools\lib\apiv2.js:238:23)
    at processTicksAndRejections (internal/process/task_queues.js:93:5)
    at async Client.request (C:\Users\Lu Xinyi\AppData\Roaming\npm\node_modules\firebase-tools\lib\apiv2.js:96:20)
    at async Object.getFirebaseProject (C:\Users\Lu Xinyi\AppData\Roaming\npm\node_modules\firebase-tools\lib\management\projects.js:289:21)
    at async Object.getDefaultHostingSite (C:\Users\Lu Xinyi\AppData\Roaming\npm\node_modules\firebase-tools\lib\getDefaultHostingSite.js:8:21)
    at async requireHostingSite (C:\Users\Lu Xinyi\AppData\Roaming\npm\node_modules\firebase-tools\lib\requireHostingSite.js:9:18)
    at async Object.fn (C:\Users\Lu Xinyi\AppData\Roaming\npm\node_modules\firebase-tools\lib\commands\deploy.js:66:9)
    at async C:\Users\Lu Xinyi\AppData\Roaming\npm\node_modules\firebase-tools\lib\command.js:161:17
[error] 
[error] Error: Failed to get Firebase project bt3103-week-6-5462b. Please make sure the project exists and your account has permission to access it.
